<?xml version="1.0" encoding="UTF-8"?>
<!-- Generated by org.testng.reporters.JUnitReportReporter -->
<testsuite hostname="LAPTOP-88JOOBUG" failures="0" tests="1" name="com.api.tests.LoginAPITest2" time="2.262" errors="0" timestamp="2025-03-01T16:30:01 IST" skipped="0">
  <testcase classname="com.api.tests.LoginAPITest2" name="loginTest" time="2.262"/>
</testsuite> <!-- com.api.tests.LoginAPITest2 -->
