<?xml version="1.0" encoding="UTF-8"?>
<!-- Generated by org.testng.reporters.JUnitReportReporter -->
<testsuite hostname="LAPTOP-88JOOBUG" failures="0" tests="1" name="com.api.tests.SignUpTest" time="2.333" errors="0" timestamp="2025-03-01T18:55:22 IST" skipped="0">
  <testcase classname="com.api.tests.SignUpTest" name="createAccountTest" time="2.333"/>
</testsuite> <!-- com.api.tests.SignUpTest -->
