<?xml version="1.0" encoding="UTF-8"?>
<!-- Generated by org.testng.reporters.JUnitReportReporter -->
<testsuite hostname="LAPTOP-88JOOBUG" failures="0" tests="1" name="com.api.tests.LoginAPITest" time="2.349" errors="0" timestamp="2025-03-01T16:07:22 IST" skipped="0">
  <testcase classname="com.api.tests.LoginAPITest" name="loginTest" time="2.349"/>
</testsuite> <!-- com.api.tests.LoginAPITest -->
