<?xml version="1.0" encoding="UTF-8"?>
<!-- Generated by org.testng.reporters.JUnitReportReporter -->
<testsuite hostname="LAPTOP-88JOOBUG" failures="0" tests="1" name="com.api.tests.GetProfileRequestTest" time="3.409" errors="0" timestamp="2025-03-02T11:56:58 IST" skipped="0">
  <testcase classname="com.api.tests.GetProfileRequestTest" name="getProfileInfoTest" time="3.409"/>
</testsuite> <!-- com.api.tests.GetProfileRequestTest -->
