<?xml version="1.0" encoding="UTF-8"?>
<!-- Generated by org.testng.reporters.JUnitReportReporter -->
<testsuite hostname="LAPTOP-88JOOBUG" failures="0" tests="1" name="com.api.tests.ProfileUpdateTest" time="2.960" errors="0" timestamp="2025-03-02T12:34:40 IST" skipped="0">
  <testcase classname="com.api.tests.ProfileUpdateTest" name="getProfileInfoTest" time="2.960"/>
</testsuite> <!-- com.api.tests.ProfileUpdateTest -->
