<?xml version="1.0" encoding="UTF-8"?>
<!-- Generated by org.testng.reporters.JUnitReportReporter -->
<testsuite hostname="LAPTOP-88JOOBUG" failures="0" tests="1" name="com.api.tests.ForgotPassword" time="2.506" errors="0" timestamp="2025-03-02T10:40:29 IST" skipped="0">
  <testcase classname="com.api.tests.ForgotPassword" name="forgotPasswordTest" time="2.506"/>
</testsuite> <!-- com.api.tests.ForgotPassword -->
